INFO    : PreTeXt project found in `D:\Documents\texts\tech_math`.
WARNING : Assets like latex-images will not be regenerated for this build
WARNING : (previously generated assets will be used if they exist).
WARNING : To generate these assets before building, run `pretext build -g`.
INFO    : Preparing to build into D:\Documents\texts\tech_math\output\pdf.
INFO    : 
Now building LaTeX into D:\Documents\texts\tech_math\output\pdf

INFO    : discovering source file's directory name: D:\Documents\texts\tech_math\source
INFO    : verifying and expanding input directory: D:\Documents\texts\tech_math\source\../generated
INFO    : input directory expanded to absolute path: D:\Documents\texts\tech_math\generated
INFO    : verifying and expanding input directory: D:\Documents\texts\tech_math\source\../external
INFO    : input directory expanded to absolute path: D:\Documents\texts\tech_math\external
INFO    : converting D:\Documents\texts\tech_math\source\techmath.ptx to LaTeX as C:\Users\mafitch\AppData\Local\Temp\tmpf37d5ylz\techmath.tex
INFO    : XSL conversion of D:\Documents\texts\tech_math\source\techmath.ptx by C:\Users\mafitch\.ptx\xsl\pretext-latex.xsl
INFO    : comprehensive messages, warnings, and errors:
INFO    :     * Opening and ending tag mismatch: cell line 12 and p
INFO    :     * Opening and ending tag mismatch: p line 13 and cell
INFO    :     * Opening and ending tag mismatch: cell line 20 and p
INFO    :     * Opening and ending tag mismatch: p line 21 and cell
INFO    :     * Opening and ending tag mismatch: statement line 3 and p
INFO    :     * Opening and ending tag mismatch: p line 7 and statement
INFO    :     * StartTag: invalid element name
INFO    :     * StartTag: invalid element name
INFO    :     * StartTag: invalid element name
INFO    :     * StartTag: invalid element name
INFO    :     * StartTag: invalid element name
INFO    :     * PTX:WARNING: Unstructured content within a list item is being ignored ("family")
INFO    : processing with C:\Users\mafitch\.ptx\xsl\pretext-latex.xsl has failed

CRITICAL: Cannot resolve URI file:/D:/Documents/texts/tech_math/source/generated/problems/mom-1395.xml
INFO    : ##################
INFO    : While running pretext, the following errors occured:

